<?xml version="1.0" encoding="UTF-8"?>
<!-- Generated by org.testng.reporters.JUnitXMLReporter -->
<testsuite ignored="0" hostname="LAPTOP-0E4SUFBQ" failures="1" tests="3" name="Test" time="0.097" errors="0" timestamp="2023-05-04T17:30:08 EDT">
  <testcase classname="Teste.com.customListner" name="Test1" time="0.023"/>
  <testcase classname="Teste.com.customListner" name="Test2" time="0.002">
    <failure type="org.junit.ComparisonFailure" message="expected:&amp;lt;[A]&amp;gt; but was:&amp;lt;[B]&amp;gt;">
      <![CDATA[org.junit.ComparisonFailure: expected:<[A]> but was:<[B]>
at org.junit.Assert.assertEquals(Assert.java:125)
at org.junit.Assert.assertEquals(Assert.java:147)
at Teste.com.customListner.Test2(customListner.java:20)
at java.base/java.util.ArrayList.forEach(ArrayList.java:1511)
... Removed 27 stack frames]]>
    </failure>
  </testcase> <!-- Test2 -->
  <testcase classname="Teste.com.customListner" name="Test3" time="0.003">
    <skipped/>
  </testcase> <!-- Test3 -->
</testsuite> <!-- Test -->
